# JRE version: Java(TM) SE Runtime Environment (8.0_471) (build 1.8.0_471-b09)
# Java VM: Java HotSpot(TM) 64-Bit Server VM (25.471-b09 mixed mode windows-amd64 compressed oops)
Heap:
 PSYoungGen      total 111104K, used 108778K [0x000000076b300000, 0x0000000773080000, 0x00000007c0800000)
  eden space 100352K, 97% used [0x000000076b300000,0x00000007712c0428,0x0000000771500000)
  from space 10752K, 99% used [0x0000000772180000,0x0000000772bfa4d8,0x0000000772c00000)
  to   space 12800K, 0% used [0x0000000771500000,0x0000000771500000,0x0000000772180000)
 ParOldGen       total 97792K, used 17153K [0x00000006c0800000, 0x00000006c6780000, 0x000000076b300000)
  object space 97792K, 17% used [0x00000006c0800000,0x00000006c18c0730,0x00000006c6780000)
 Metaspace       used 50247K, capacity 54254K, committed 54528K, reserved 1087488K
  class space    used 7267K, capacity 7911K, committed 7936K, reserved 1040384K
GC Heap History (10 events):
Event: 19.345 GC heap before
{Heap before GC invocations=20 (full 2):
 PSYoungGen      total 80896K, used 72704K [0x000000076b300000, 0x0000000771a80000, 0x00000007c0800000)
  eden space 72704K, 100% used [0x000000076b300000,0x000000076fa00000,0x000000076fa00000)
  from space 8192K, 0% used [0x000000076fa00000,0x000000076fa00000,0x0000000770200000)
  to   space 9728K, 0% used [0x0000000771100000,0x0000000771100000,0x0000000771a80000)
 ParOldGen       total 97792K, used 15947K [0x00000006c0800000, 0x00000006c6780000, 0x000000076b300000)
  object space 97792K, 16% used [0x00000006c0800000,0x00000006c1792df8,0x00000006c6780000)
 Metaspace       used 38662K, capacity 40986K, committed 41344K, reserved 1077248K
  class space    used 5423K, capacity 5895K, committed 6016K, reserved 1040384K
Event: 19.371 GC heap after
Heap after GC invocations=20 (full 2):
 PSYoungGen      total 88064K, used 5832K [0x000000076b300000, 0x0000000771700000, 0x00000007c0800000)
  eden space 81920K, 0% used [0x000000076b300000,0x000000076b300000,0x0000000770300000)
  from space 6144K, 94% used [0x0000000771100000,0x00000007716b2238,0x0000000771700000)
  to   space 9728K, 0% used [0x0000000770400000,0x0000000770400000,0x0000000770d80000)
 ParOldGen       total 97792K, used 15955K [0x00000006c0800000, 0x00000006c6780000, 0x000000076b300000)
  object space 97792K, 16% used [0x00000006c0800000,0x00000006c1794df8,0x00000006c6780000)
 Metaspace       used 38662K, capacity 40986K, committed 41344K, reserved 1077248K
  class space    used 5423K, capacity 5895K, committed 6016K, reserved 1040384K
}
Event: 20.478 GC heap before
{Heap before GC invocations=21 (full 2):
 PSYoungGen      total 88064K, used 87752K [0x000000076b300000, 0x0000000771700000, 0x00000007c0800000)
  eden space 81920K, 100% used [0x000000076b300000,0x0000000770300000,0x0000000770300000)
  from space 6144K, 94% used [0x0000000771100000,0x00000007716b2238,0x0000000771700000)
  to   space 9728K, 0% used [0x0000000770400000,0x0000000770400000,0x0000000770d80000)
 ParOldGen       total 97792K, used 15955K [0x00000006c0800000, 0x00000006c6780000, 0x000000076b300000)
  object space 97792K, 16% used [0x00000006c0800000,0x00000006c1794df8,0x00000006c6780000)
 Metaspace       used 39302K, capacity 41618K, committed 41856K, reserved 1077248K
  class space    used 5528K, capacity 6008K, committed 6016K, reserved 1040384K
Event: 20.494 GC heap after
Heap after GC invocations=21 (full 2):
 PSYoungGen      total 92672K, used 4942K [0x000000076b300000, 0x0000000771f00000, 0x00000007c0800000)
  eden space 82944K, 0% used [0x000000076b300000,0x000000076b300000,0x0000000770400000)
  from space 9728K, 50% used [0x0000000770400000,0x00000007708d3bd0,0x0000000770d80000)
  to   space 9216K, 0% used [0x0000000771600000,0x0000000771600000,0x0000000771f00000)
 ParOldGen       total 97792K, used 15963K [0x00000006c0800000, 0x00000006c6780000, 0x000000076b300000)
  object space 97792K, 16% used [0x00000006c0800000,0x00000006c1796df8,0x00000006c6780000)
 Metaspace       used 39302K, capacity 41618K, committed 41856K, reserved 1077248K
  class space    used 5528K, capacity 6008K, committed 6016K, reserved 1040384K
}
Event: 22.828 GC heap before
{Heap before GC invocations=22 (full 2):
 PSYoungGen      total 92672K, used 87886K [0x000000076b300000, 0x0000000771f00000, 0x00000007c0800000)
  eden space 82944K, 100% used [0x000000076b300000,0x0000000770400000,0x0000000770400000)
  from space 9728K, 50% used [0x0000000770400000,0x00000007708d3bd0,0x0000000770d80000)
  to   space 9216K, 0% used [0x0000000771600000,0x0000000771600000,0x0000000771f00000)
 ParOldGen       total 97792K, used 15963K [0x00000006c0800000, 0x00000006c6780000, 0x000000076b300000)
  object space 97792K, 16% used [0x00000006c0800000,0x00000006c1796df8,0x00000006c6780000)
 Metaspace       used 43051K, capacity 45774K, committed 45824K, reserved 1081344K
  class space    used 6146K, capacity 6645K, committed 6656K, reserved 1040384K
Event: 22.859 GC heap after
Heap after GC invocations=22 (full 2):
 PSYoungGen      total 100352K, used 8691K [0x000000076b300000, 0x0000000772200000, 0x00000007c0800000)
  eden space 91136K, 0% used [0x000000076b300000,0x000000076b300000,0x0000000770c00000)
  from space 9216K, 94% used [0x0000000771600000,0x0000000771e7cec0,0x0000000771f00000)
  to   space 10240K, 0% used [0x0000000770c00000,0x0000000770c00000,0x0000000771600000)
 ParOldGen       total 97792K, used 15971K [0x00000006c0800000, 0x00000006c6780000, 0x000000076b300000)
  object space 97792K, 16% used [0x00000006c0800000,0x00000006c1798df8,0x00000006c6780000)
 Metaspace       used 43051K, capacity 45774K, committed 45824K, reserved 1081344K
  class space    used 6146K, capacity 6645K, committed 6656K, reserved 1040384K
}
Event: 23.731 GC heap before
{Heap before GC invocations=23 (full 2):
 PSYoungGen      total 100352K, used 99827K [0x000000076b300000, 0x0000000772200000, 0x00000007c0800000)
  eden space 91136K, 100% used [0x000000076b300000,0x0000000770c00000,0x0000000770c00000)
  from space 9216K, 94% used [0x0000000771600000,0x0000000771e7cec0,0x0000000771f00000)
  to   space 10240K, 0% used [0x0000000770c00000,0x0000000770c00000,0x0000000771600000)
 ParOldGen       total 97792K, used 15971K [0x00000006c0800000, 0x00000006c6780000, 0x000000076b300000)
  object space 97792K, 16% used [0x00000006c0800000,0x00000006c1798df8,0x00000006c6780000)
 Metaspace       used 44542K, capacity 47604K, committed 47616K, reserved 1081344K
  class space    used 6377K, capacity 6908K, committed 6912K, reserved 1040384K
Event: 23.743 GC heap after
Heap after GC invocations=23 (full 2):
 PSYoungGen      total 101376K, used 8399K [0x000000076b300000, 0x0000000772c00000, 0x00000007c0800000)
  eden space 91136K, 0% used [0x000000076b300000,0x000000076b300000,0x0000000770c00000)
  from space 10240K, 82% used [0x0000000770c00000,0x0000000771433f50,0x0000000771600000)
  to   space 10752K, 0% used [0x0000000772180000,0x0000000772180000,0x0000000772c00000)
 ParOldGen       total 97792K, used 15979K [0x00000006c0800000, 0x00000006c6780000, 0x000000076b300000)
  object space 97792K, 16% used [0x00000006c0800000,0x00000006c179adf8,0x00000006c6780000)
 Metaspace       used 44542K, capacity 47604K, committed 47616K, reserved 1081344K
  class space    used 6377K, capacity 6908K, committed 6912K, reserved 1040384K
}
Event: 24.912 GC heap before
{Heap before GC invocations=24 (full 2):
 PSYoungGen      total 101376K, used 99535K [0x000000076b300000, 0x0000000772c00000, 0x00000007c0800000)
  eden space 91136K, 100% used [0x000000076b300000,0x0000000770c00000,0x0000000770c00000)
  from space 10240K, 82% used [0x0000000770c00000,0x0000000771433f50,0x0000000771600000)
  to   space 10752K, 0% used [0x0000000772180000,0x0000000772180000,0x0000000772c00000)
 ParOldGen       total 97792K, used 15979K [0x00000006c0800000, 0x00000006c6780000, 0x000000076b300000)
  object space 97792K, 16% used [0x00000006c0800000,0x00000006c179adf8,0x00000006c6780000)
 Metaspace       used 47503K, capacity 50800K, committed 51072K, reserved 1085440K
  class space    used 6880K, capacity 7458K, committed 7552K, reserved 1040384K
Event: 24.930 GC heap after
Heap after GC invocations=24 (full 2):
 PSYoungGen      total 111104K, used 10729K [0x000000076b300000, 0x0000000773080000, 0x00000007c0800000)
  eden space 100352K, 0% used [0x000000076b300000,0x000000076b300000,0x0000000771500000)
  from space 10752K, 99% used [0x0000000772180000,0x0000000772bfa4d8,0x0000000772c00000)
  to   space 12800K, 0% used [0x0000000771500000,0x0000000771500000,0x0000000772180000)
 ParOldGen       total 97792K, used 17153K [0x00000006c0800000, 0x00000006c6780000, 0x000000076b300000)
  object space 97792K, 17% used [0x00000006c0800000,0x00000006c18c0730,0x00000006c6780000)
 Metaspace       used 47503K, capacity 50800K, committed 51072K, reserved 1085440K
  class space    used 6880K, capacity 7458K, committed 7552K, reserved 1040384K
}

